build/app/intermediates/manifest_merge_blame_file/debug/manifest-merger-blame-debug-report.txt
1<?xml version="1.0" encoding="utf-8"?>
2<manifest xmlns:android="http://schemas.android.com/apk/res/android"
3    package="com.group14.sbp"
4    android:versionCode="1"
5    android:versionName="1.0.0" >
6
7    <uses-sdk
8        android:minSdkVersion="16"
9        android:targetSdkVersion="29" />
10    <!--
11         Flutter needs it to communicate with the running application
12         to allow setting breakpoints, to provide hot reload, etc.
13    -->
14    <uses-permission android:name="android.permission.INTERNET" />
14-->src\main\AndroidManifest.xml:42:5-66
14-->src\main\AndroidManifest.xml:42:22-64
15    <uses-permission android:name="android.permission.ACCESS_NETWORK_STATE" />
15-->[:firebase_analytics] AndroidManifest.xml:7:5-79
15-->[:firebase_analytics] AndroidManifest.xml:7:22-76
16    <uses-permission android:name="android.permission.WAKE_LOCK" />
16-->[:firebase_analytics] AndroidManifest.xml:9:5-68
16-->[:firebase_analytics] AndroidManifest.xml:9:22-65
17    <uses-permission android:name="com.google.android.finsky.permission.BIND_GET_INSTALL_REFERRER_SERVICE" /> <!-- Required by older versions of Google Play services to create IID tokens -->
17-->[com.google.android.gms:play-services-measurement:17.3.0] AndroidManifest.xml:26:5-110
17-->[com.google.android.gms:play-services-measurement:17.3.0] AndroidManifest.xml:26:22-107
18    <uses-permission android:name="com.google.android.c2dm.permission.RECEIVE" />
18-->[com.google.firebase:firebase-iid:20.0.2] AndroidManifest.xml:26:5-82
18-->[com.google.firebase:firebase-iid:20.0.2] AndroidManifest.xml:26:22-79
19    <!--
20 io.flutter.app.FlutterApplication is an android.app.Application that
21         calls FlutterMain.startInitialization(this); in its onCreate method.
22         In most cases you can leave this as-is, but you if you want to provide
23         additional functionality it is fine to subclass or reimplement
24         FlutterApplication and put your custom class here.
25    -->
26    <application
26-->src\main\AndroidManifest.xml:8:5-41:19
27        android:name="io.flutter.app.FlutterApplication"
27-->src\main\AndroidManifest.xml:9:9-57
28        android:appComponentFactory="androidx.core.app.CoreComponentFactory"
28-->[androidx.core:core:1.1.0] AndroidManifest.xml:24:18-86
29        android:debuggable="true"
30        android:icon="@mipmap/ic_launcher"
30-->src\main\AndroidManifest.xml:11:9-43
31        android:label="sciencebowlportable"
31-->src\main\AndroidManifest.xml:10:9-44
32        android:supportsRtl="true" >
32-->[com.facebook.android:facebook-login:4.39.0] AndroidManifest.xml:28:18-44
33        <activity
33-->src\main\AndroidManifest.xml:12:9-23:20
34            android:name="com.example.sciencebowlportable.MainActivity"
34-->src\main\AndroidManifest.xml:13:13-41
35            android:configChanges="orientation|keyboardHidden|keyboard|screenSize|smallestScreenSize|locale|layoutDirection|fontScale|screenLayout|density|uiMode"
35-->src\main\AndroidManifest.xml:16:13-163
36            android:hardwareAccelerated="true"
36-->src\main\AndroidManifest.xml:17:13-47
37            android:launchMode="singleTop"
37-->src\main\AndroidManifest.xml:14:13-43
38            android:theme="@style/LaunchTheme"
38-->src\main\AndroidManifest.xml:15:13-47
39            android:windowSoftInputMode="adjustResize" >
39-->src\main\AndroidManifest.xml:18:13-55
40            <intent-filter>
40-->src\main\AndroidManifest.xml:19:13-22:29
41                <action android:name="android.intent.action.MAIN" />
41-->src\main\AndroidManifest.xml:20:17-68
41-->src\main\AndroidManifest.xml:20:25-66
42
43                <category android:name="android.intent.category.LAUNCHER" />
43-->src\main\AndroidManifest.xml:21:17-76
43-->src\main\AndroidManifest.xml:21:27-74
44            </intent-filter>
45        </activity>
46        <!--
47             Don't delete the meta-data below.
48             This is used by the Flutter tool to generate GeneratedPluginRegistrant.java
49        -->
50        <meta-data
50-->src\main\AndroidManifest.xml:26:9-28:33
51            android:name="flutterEmbedding"
51-->src\main\AndroidManifest.xml:27:13-44
52            android:value="2" />
52-->src\main\AndroidManifest.xml:28:13-30
53        <meta-data
53-->src\main\AndroidManifest.xml:29:9-107
54            android:name="com.facebook.sdk.ApplicationId"
54-->src\main\AndroidManifest.xml:29:20-65
55            android:value="@string/facebook_app_id" />
55-->src\main\AndroidManifest.xml:29:66-105
56
57        <activity
57-->src\main\AndroidManifest.xml:30:9-31:110
58            android:name="com.facebook.FacebookActivity"
58-->src\main\AndroidManifest.xml:30:19-63
59            android:configChanges="keyboard|keyboardHidden|screenLayout|screenSize|orientation"
59-->src\main\AndroidManifest.xml:30:64-161
60            android:label="@string/app_name"
60-->src\main\AndroidManifest.xml:31:75-107
61            android:theme="@style/com_facebook_activity_theme" />
61-->[com.facebook.android:facebook-common:4.39.0] AndroidManifest.xml:32:13-63
62        <activity
62-->src\main\AndroidManifest.xml:33:9-40:20
63            android:name="com.facebook.CustomTabActivity"
63-->src\main\AndroidManifest.xml:33:19-64
64            android:exported="true" >
64-->src\main\AndroidManifest.xml:33:65-88
65            <intent-filter>
65-->src\main\AndroidManifest.xml:34:13-39:29
66                <action android:name="android.intent.action.VIEW" />
66-->src\main\AndroidManifest.xml:35:17-69
66-->src\main\AndroidManifest.xml:35:25-66
67
68                <category android:name="android.intent.category.DEFAULT" />
68-->src\main\AndroidManifest.xml:36:17-76
68-->src\main\AndroidManifest.xml:36:27-73
69                <category android:name="android.intent.category.BROWSABLE" />
69-->src\main\AndroidManifest.xml:37:17-78
69-->src\main\AndroidManifest.xml:37:27-75
70
71                <data android:scheme="@string/fb_login_protocol_scheme" />
71-->src\main\AndroidManifest.xml:38:17-75
71-->src\main\AndroidManifest.xml:38:23-72
72            </intent-filter>
73        </activity>
74
75        <service
75-->[:firebase_auth] AndroidManifest.xml:8:9-12:19
76            android:name="com.google.firebase.components.ComponentDiscoveryService"
76-->[:firebase_auth] AndroidManifest.xml:8:18-89
77            android:directBootAware="true"
77-->[com.google.firebase:firebase-common:19.3.0] AndroidManifest.xml:34:13-43
78            android:exported="false" >
78-->[com.google.firebase:firebase-auth:19.2.0] AndroidManifest.xml:35:13-37
79            <meta-data
79-->[:firebase_auth] AndroidManifest.xml:9:13-11:85
80                android:name="com.google.firebase.components:io.flutter.plugins.firebaseauth.FlutterFirebaseAppRegistrar"
80-->[:firebase_auth] AndroidManifest.xml:10:17-122
81                android:value="com.google.firebase.components.ComponentRegistrar" />
81-->[:firebase_auth] AndroidManifest.xml:11:17-82
82            <meta-data
82-->[:cloud_firestore] AndroidManifest.xml:9:13-11:85
83                android:name="com.google.firebase.components:io.flutter.plugins.firebase.cloudfirestore.FlutterFirebaseAppRegistrar"
83-->[:cloud_firestore] AndroidManifest.xml:10:17-133
84                android:value="com.google.firebase.components.ComponentRegistrar" />
84-->[:cloud_firestore] AndroidManifest.xml:11:17-82
85            <meta-data
85-->[:firebase_core] AndroidManifest.xml:9:13-11:85
86                android:name="com.google.firebase.components:io.flutter.plugins.firebase.core.FlutterFirebaseAppRegistrar"
86-->[:firebase_core] AndroidManifest.xml:10:17-123
87                android:value="com.google.firebase.components.ComponentRegistrar" />
87-->[:firebase_core] AndroidManifest.xml:11:17-82
88            <meta-data
88-->[:firebase_analytics] AndroidManifest.xml:13:13-15:85
89                android:name="com.google.firebase.components:io.flutter.plugins.firebaseanalytics.FlutterFirebaseAppRegistrar"
89-->[:firebase_analytics] AndroidManifest.xml:14:17-127
90                android:value="com.google.firebase.components.ComponentRegistrar" />
90-->[:firebase_analytics] AndroidManifest.xml:15:17-82
91            <meta-data
91-->[com.google.firebase:firebase-auth:19.2.0] AndroidManifest.xml:36:13-38:85
92                android:name="com.google.firebase.components:com.google.firebase.auth.FirebaseAuthRegistrar"
92-->[com.google.firebase:firebase-auth:19.2.0] AndroidManifest.xml:37:17-109
93                android:value="com.google.firebase.components.ComponentRegistrar" />
93-->[com.google.firebase:firebase-auth:19.2.0] AndroidManifest.xml:38:17-82
94            <meta-data
94-->[com.google.android.gms:play-services-measurement-api:17.3.0] AndroidManifest.xml:30:13-32:85
95                android:name="com.google.firebase.components:com.google.firebase.analytics.connector.internal.AnalyticsConnectorRegistrar"
95-->[com.google.android.gms:play-services-measurement-api:17.3.0] AndroidManifest.xml:31:17-139
96                android:value="com.google.firebase.components.ComponentRegistrar" />
96-->[com.google.android.gms:play-services-measurement-api:17.3.0] AndroidManifest.xml:32:17-82
97            <meta-data
97-->[com.google.firebase:firebase-firestore:21.3.0] AndroidManifest.xml:20:13-22:85
98                android:name="com.google.firebase.components:com.google.firebase.firestore.FirestoreRegistrar"
98-->[com.google.firebase:firebase-firestore:21.3.0] AndroidManifest.xml:21:17-111
99                android:value="com.google.firebase.components.ComponentRegistrar" />
99-->[com.google.firebase:firebase-firestore:21.3.0] AndroidManifest.xml:22:17-82
100            <meta-data
100-->[com.google.firebase:firebase-iid:20.0.2] AndroidManifest.xml:32:13-34:85
101                android:name="com.google.firebase.components:com.google.firebase.iid.Registrar"
101-->[com.google.firebase:firebase-iid:20.0.2] AndroidManifest.xml:33:17-96
102                android:value="com.google.firebase.components.ComponentRegistrar" />
102-->[com.google.firebase:firebase-iid:20.0.2] AndroidManifest.xml:34:17-82
103        </service>
104
105        <activity
105-->[com.google.firebase:firebase-auth:19.2.0] AndroidManifest.xml:24:9-31:50
106            android:name="com.google.firebase.auth.internal.FederatedSignInActivity"
106-->[com.google.firebase:firebase-auth:19.2.0] AndroidManifest.xml:25:13-85
107            android:excludeFromRecents="true"
107-->[com.google.firebase:firebase-auth:19.2.0] AndroidManifest.xml:26:13-46
108            android:exported="true"
108-->[com.google.firebase:firebase-auth:19.2.0] AndroidManifest.xml:27:13-36
109            android:launchMode="singleTask"
109-->[com.google.firebase:firebase-auth:19.2.0] AndroidManifest.xml:28:13-44
110            android:permission="com.google.firebase.auth.api.gms.permission.LAUNCH_FEDERATED_SIGN_IN"
110-->[com.google.firebase:firebase-auth:19.2.0] AndroidManifest.xml:29:13-102
111            android:theme="@android:style/Theme.Translucent.NoTitleBar" />
111-->[com.google.firebase:firebase-auth:19.2.0] AndroidManifest.xml:30:13-72
112
113        <receiver
113-->[com.google.android.gms:play-services-measurement:17.3.0] AndroidManifest.xml:29:9-33:20
114            android:name="com.google.android.gms.measurement.AppMeasurementReceiver"
114-->[com.google.android.gms:play-services-measurement:17.3.0] AndroidManifest.xml:30:13-85
115            android:enabled="true"
115-->[com.google.android.gms:play-services-measurement:17.3.0] AndroidManifest.xml:31:13-35
116            android:exported="false" >
116-->[com.google.android.gms:play-services-measurement:17.3.0] AndroidManifest.xml:32:13-37
117        </receiver>
118        <receiver
118-->[com.google.android.gms:play-services-measurement:17.3.0] AndroidManifest.xml:34:9-42:20
119            android:name="com.google.android.gms.measurement.AppMeasurementInstallReferrerReceiver"
119-->[com.google.android.gms:play-services-measurement:17.3.0] AndroidManifest.xml:35:13-100
120            android:enabled="true"
120-->[com.google.android.gms:play-services-measurement:17.3.0] AndroidManifest.xml:36:13-35
121            android:exported="true"
121-->[com.google.android.gms:play-services-measurement:17.3.0] AndroidManifest.xml:37:13-36
122            android:permission="android.permission.INSTALL_PACKAGES" >
122-->[com.google.android.gms:play-services-measurement:17.3.0] AndroidManifest.xml:38:13-69
123            <intent-filter>
123-->[com.google.android.gms:play-services-measurement:17.3.0] AndroidManifest.xml:39:13-41:29
124                <action android:name="com.android.vending.INSTALL_REFERRER" />
124-->[com.google.android.gms:play-services-measurement:17.3.0] AndroidManifest.xml:40:17-79
124-->[com.google.android.gms:play-services-measurement:17.3.0] AndroidManifest.xml:40:25-76
125            </intent-filter>
126        </receiver>
127
128        <service
128-->[com.google.android.gms:play-services-measurement:17.3.0] AndroidManifest.xml:44:9-47:40
129            android:name="com.google.android.gms.measurement.AppMeasurementService"
129-->[com.google.android.gms:play-services-measurement:17.3.0] AndroidManifest.xml:45:13-84
130            android:enabled="true"
130-->[com.google.android.gms:play-services-measurement:17.3.0] AndroidManifest.xml:46:13-35
131            android:exported="false" />
131-->[com.google.android.gms:play-services-measurement:17.3.0] AndroidManifest.xml:47:13-37
132        <service
132-->[com.google.android.gms:play-services-measurement:17.3.0] AndroidManifest.xml:48:9-52:72
133            android:name="com.google.android.gms.measurement.AppMeasurementJobService"
133-->[com.google.android.gms:play-services-measurement:17.3.0] AndroidManifest.xml:49:13-87
134            android:enabled="true"
134-->[com.google.android.gms:play-services-measurement:17.3.0] AndroidManifest.xml:50:13-35
135            android:exported="false"
135-->[com.google.android.gms:play-services-measurement:17.3.0] AndroidManifest.xml:51:13-37
136            android:permission="android.permission.BIND_JOB_SERVICE" />
136-->[com.google.android.gms:play-services-measurement:17.3.0] AndroidManifest.xml:52:13-69
137
138        <activity
138-->[com.google.android.gms:play-services-auth:16.0.1] AndroidManifest.xml:23:9-27:75
139            android:name="com.google.android.gms.auth.api.signin.internal.SignInHubActivity"
139-->[com.google.android.gms:play-services-auth:16.0.1] AndroidManifest.xml:24:13-93
140            android:excludeFromRecents="true"
140-->[com.google.android.gms:play-services-auth:16.0.1] AndroidManifest.xml:25:13-46
141            android:exported="false"
141-->[com.google.android.gms:play-services-auth:16.0.1] AndroidManifest.xml:26:13-37
142            android:theme="@android:style/Theme.Translucent.NoTitleBar" />
142-->[com.google.android.gms:play-services-auth:16.0.1] AndroidManifest.xml:27:13-72
143        <!--
144            Service handling Google Sign-In user revocation. For apps that do not integrate with
145            Google Sign-In, this service will never be started.
146        -->
147        <service
147-->[com.google.android.gms:play-services-auth:16.0.1] AndroidManifest.xml:33:9-36:110
148            android:name="com.google.android.gms.auth.api.signin.RevocationBoundService"
148-->[com.google.android.gms:play-services-auth:16.0.1] AndroidManifest.xml:34:13-89
149            android:exported="true"
149-->[com.google.android.gms:play-services-auth:16.0.1] AndroidManifest.xml:35:13-36
150            android:permission="com.google.android.gms.auth.api.signin.permission.REVOCATION_NOTIFICATION" />
150-->[com.google.android.gms:play-services-auth:16.0.1] AndroidManifest.xml:36:13-107
151
152        <receiver
152-->[com.google.firebase:firebase-iid:20.0.2] AndroidManifest.xml:37:9-44:20
153            android:name="com.google.firebase.iid.FirebaseInstanceIdReceiver"
153-->[com.google.firebase:firebase-iid:20.0.2] AndroidManifest.xml:38:13-78
154            android:exported="true"
154-->[com.google.firebase:firebase-iid:20.0.2] AndroidManifest.xml:39:13-36
155            android:permission="com.google.android.c2dm.permission.SEND" >
155-->[com.google.firebase:firebase-iid:20.0.2] AndroidManifest.xml:40:13-73
156            <intent-filter>
156-->[com.google.firebase:firebase-iid:20.0.2] AndroidManifest.xml:41:13-43:29
157                <action android:name="com.google.android.c2dm.intent.RECEIVE" />
157-->[com.google.firebase:firebase-iid:20.0.2] AndroidManifest.xml:42:17-81
157-->[com.google.firebase:firebase-iid:20.0.2] AndroidManifest.xml:42:25-78
158            </intent-filter>
159        </receiver>
160
161        <provider
161-->[com.google.firebase:firebase-common:19.3.0] AndroidManifest.xml:26:9-30:39
162            android:name="com.google.firebase.provider.FirebaseInitProvider"
162-->[com.google.firebase:firebase-common:19.3.0] AndroidManifest.xml:27:13-77
163            android:authorities="com.group14.sbp.firebaseinitprovider"
163-->[com.google.firebase:firebase-common:19.3.0] AndroidManifest.xml:28:13-72
164            android:exported="false"
164-->[com.google.firebase:firebase-common:19.3.0] AndroidManifest.xml:29:13-37
165            android:initOrder="100" />
165-->[com.google.firebase:firebase-common:19.3.0] AndroidManifest.xml:30:13-36
166
167        <activity
167-->[com.google.android.gms:play-services-base:17.1.0] AndroidManifest.xml:23:9-26:75
168            android:name="com.google.android.gms.common.api.GoogleApiActivity"
168-->[com.google.android.gms:play-services-base:17.1.0] AndroidManifest.xml:24:13-79
169            android:exported="false"
169-->[com.google.android.gms:play-services-base:17.1.0] AndroidManifest.xml:25:13-37
170            android:theme="@android:style/Theme.Translucent.NoTitleBar" />
170-->[com.google.android.gms:play-services-base:17.1.0] AndroidManifest.xml:26:13-72
171
172        <meta-data
172-->[com.google.android.gms:play-services-basement:17.0.0] AndroidManifest.xml:23:9-25:69
173            android:name="com.google.android.gms.version"
173-->[com.google.android.gms:play-services-basement:17.0.0] AndroidManifest.xml:24:13-58
174            android:value="@integer/google_play_services_version" />
174-->[com.google.android.gms:play-services-basement:17.0.0] AndroidManifest.xml:25:13-66
175
176        <activity android:name="com.facebook.CustomTabMainActivity" />
176-->[com.facebook.android:facebook-common:4.39.0] AndroidManifest.xml:33:9-71
176-->[com.facebook.android:facebook-common:4.39.0] AndroidManifest.xml:33:19-68
177        <!--
178         The initialization ContentProvider will call FacebookSdk.sdkInitialize automatically
179         with the application context. This config is merged in with the host app's manifest,
180         but there can only be one provider with the same authority activated at any given
181         point; so if the end user has two or more different apps that use Facebook SDK, only the
182         first one will be able to use the provider. To work around this problem, we use the
183         following placeholder in the authority to identify each host application as if it was
184         a completely different provider.
185        -->
186        <provider
186-->[com.facebook.android:facebook-core:4.39.0] AndroidManifest.xml:39:9-42:40
187            android:name="com.facebook.internal.FacebookInitProvider"
187-->[com.facebook.android:facebook-core:4.39.0] AndroidManifest.xml:40:13-70
188            android:authorities="com.group14.sbp.FacebookInitProvider"
188-->[com.facebook.android:facebook-core:4.39.0] AndroidManifest.xml:41:13-72
189            android:exported="false" />
189-->[com.facebook.android:facebook-core:4.39.0] AndroidManifest.xml:42:13-37
190
191        <receiver
191-->[com.facebook.android:facebook-core:4.39.0] AndroidManifest.xml:44:9-50:20
192            android:name="com.facebook.CurrentAccessTokenExpirationBroadcastReceiver"
192-->[com.facebook.android:facebook-core:4.39.0] AndroidManifest.xml:45:13-86
193            android:exported="false" >
193-->[com.facebook.android:facebook-core:4.39.0] AndroidManifest.xml:46:13-37
194            <intent-filter>
194-->[com.facebook.android:facebook-core:4.39.0] AndroidManifest.xml:47:13-49:29
195                <action android:name="com.facebook.sdk.ACTION_CURRENT_ACCESS_TOKEN_CHANGED" />
195-->[com.facebook.android:facebook-core:4.39.0] AndroidManifest.xml:48:17-95
195-->[com.facebook.android:facebook-core:4.39.0] AndroidManifest.xml:48:25-92
196            </intent-filter>
197        </receiver>
198    </application>
199
200</manifest>